<?xml version="1.0" encoding="UTF-8"?>
<!-- Generated by org.testng.reporters.JUnitReportReporter -->
<testsuite hostname="Delson-Roy" failures="0" tests="1" name="testcase.myNewTest" time="0.006" errors="0" timestamp="2023-11-23T05:23:20 GMT-05:00" skipped="0">
  <testcase classname="testcase.myNewTest" name="launchGoogle" time="0.006"/>
</testsuite> <!-- testcase.myNewTest -->
