<?xml version="1.0" encoding="UTF-8"?>
<!-- Generated by org.testng.reporters.JUnitReportReporter -->
<testsuite hostname="Delson-Roy" failures="0" tests="1" name="com.automation.pages.Demo" time="13.561" errors="0" timestamp="2023-11-23T06:25:38 GMT-05:00" skipped="0">
  <testcase classname="com.automation.pages.Demo" name="Test" time="13.561"/>
  <system-out/>
</testsuite> <!-- com.automation.pages.Demo -->
